<?xml version="1.0" encoding="UTF-8"?>
<!-- Generated by org.testng.reporters.JUnitReportReporter -->
<testsuite hostname="LAPTOP-L57TEFFI" name="demo.AddUsers" tests="4" failures="0" timestamp="24 Aug 2020 08:38:26 GMT" time="1.391" errors="0">
  <testcase name="addu" time="0.141" classname="demo.AddUsers"/>
  <testcase name="addu" time="0.985" classname="demo.AddUsers"/>
  <testcase name="addu" time="0.140" classname="demo.AddUsers"/>
  <testcase name="addu" time="0.125" classname="demo.AddUsers"/>
</testsuite> <!-- demo.AddUsers -->
